<?xml version="1.0" encoding="UTF-8"?>
<!-- Generated by org.testng.reporters.JUnitXMLReporter -->
<testsuite ignored="2" hostname="DESKTOP-T193OR0" failures="0" tests="0" time="0.039" errors="0" timestamp="2025-08-14T15:39:40 IST">
  <testcase classname="Selenium.ParaBankTesting" name="Login" time="0.0">
    <ignored/>
  </testcase> <!-- Login -->
  <testcase classname="Selenium.ParaBankTesting" name="RegisterNewUser" time="0.0">
    <ignored/>
  </testcase> <!-- RegisterNewUser -->
</testsuite>
