<?xml version="1.0" encoding="UTF-8"?>
<!-- Generated by org.testng.reporters.JUnitXMLReporter -->
<testsuite ignored="2" hostname="DESKTOP-T193OR0" failures="0" tests="2" name="Smoke Tests" time="30.851" errors="0" timestamp="2025-08-16T18:02:04 IST">
  <testcase classname="Selenium.ParaBankTesting" name="Login" time="7.909"/>
  <testcase classname="Selenium.ParaBankTesting" name="Login" time="6.745"/>
  <testcase classname="Selenium.ParaBankTesting" name="RegisterNewUser" time="0.0">
    <ignored/>
  </testcase> <!-- RegisterNewUser -->
  <testcase classname="Selenium.ParaBankTesting" name="CustomerCare" time="0.0">
    <ignored/>
  </testcase> <!-- CustomerCare -->
</testsuite> <!-- Smoke Tests -->
