<?xml version="1.0" encoding="UTF-8"?>
<!-- Generated by org.testng.reporters.JUnitXMLReporter -->
<testsuite ignored="1" hostname="DESKTOP-T193OR0" failures="0" tests="2" name="Smoke Tests" time="24.363" errors="0" timestamp="2025-08-14T16:52:28 IST">
  <testcase classname="Selenium.ParaBankTesting" name="RegisterNewUser" time="5.825"/>
  <testcase classname="Selenium.ParaBankTesting" name="Login" time="1.685"/>
  <testcase classname="Selenium.ParaBankTesting" name="CustomerCare" time="0.0">
    <ignored/>
  </testcase> <!-- CustomerCare -->
</testsuite> <!-- Smoke Tests -->
