<?xml version="1.0" encoding="UTF-8"?>
<!-- Generated by org.testng.reporters.JUnitXMLReporter -->
<testsuite ignored="1" hostname="DESKTOP-T193OR0" failures="1" tests="3" name="Default test" time="0.3" errors="0" timestamp="2025-08-18T09:31:11 IST">
  <testcase classname="Selenium.ParaBankTesting" name="@BeforeClass LaunchBrowser" time="-1.755489671387E9">
    <failure type="org.testng.TestNGException" message="
Parameter &amp;apos;browserName&amp;apos; is required by BeforeClass on method LaunchBrowser but has not been marked @Optional or defined
in C:\Users\Prabal\AppData\Local\Temp\testng-eclipse--1389741796\testng-customsuite.xml">
      <![CDATA[org.testng.TestNGException: 
Parameter 'browserName' is required by BeforeClass on method LaunchBrowser but has not been marked @Optional or defined
in C:\Users\Prabal\AppData\Local\Temp\testng-eclipse--1389741796\testng-customsuite.xml
at org.testng.internal.Parameters.createParams(Parameters.java:264)
at org.testng.internal.Parameters.createParametersForMethod(Parameters.java:352)
at org.testng.internal.Parameters.createParameters(Parameters.java:690)
at org.testng.internal.Parameters.createConfigurationParameters(Parameters.java:163)
at org.testng.internal.invokers.ConfigInvoker.invokeConfigurations(ConfigInvoker.java:313)
at org.testng.internal.invokers.TestMethodWorker.invokeBeforeClassMethods(TestMethodWorker.java:188)
at org.testng.internal.invokers.TestMethodWorker.run(TestMethodWorker.java:128)
at java.base/java.util.ArrayList.forEach(ArrayList.java:1511)
at org.testng.TestRunner.privateRun(TestRunner.java:741)
at org.testng.TestRunner.run(TestRunner.java:616)
at org.testng.SuiteRunner.runTest(SuiteRunner.java:421)
at org.testng.SuiteRunner.runSequentially(SuiteRunner.java:413)
at org.testng.SuiteRunner.privateRun(SuiteRunner.java:373)
at org.testng.SuiteRunner.run(SuiteRunner.java:312)
at org.testng.SuiteRunnerWorker.runSuite(SuiteRunnerWorker.java:52)
at org.testng.SuiteRunnerWorker.run(SuiteRunnerWorker.java:95)
at org.testng.TestNG.runSuitesSequentially(TestNG.java:1274)
at org.testng.TestNG.runSuitesLocally(TestNG.java:1208)
at org.testng.TestNG.runSuites(TestNG.java:1112)
at org.testng.TestNG.run(TestNG.java:1079)
at org.testng.remote.AbstractRemoteTestNG.run(AbstractRemoteTestNG.java:115)
at org.testng.remote.RemoteTestNG.initAndRun(RemoteTestNG.java:293)
at org.testng.remote.RemoteTestNG.main(RemoteTestNG.java:91)
]]>
    </failure>
  </testcase> <!-- @BeforeClass LaunchBrowser -->
  <testcase classname="Selenium.ParaBankTesting" name="RegisterNewUser" time="0.051">
    <failure type="org.testng.internal.reflect.MethodMatcherException" message="
[public void Selenium.ParaBankTesting.RegisterNewUser(java.lang.String,java.lang.String,java.lang.String,java.lang.String,java.lang.String,java.lang.String,java.lang.String,java.lang.String,java.lang.String,java.lang.String)] has no parameters defined but was found to be using a data provider (either explicitly specified or inherited from class level annotation).
Data provider mismatch
Method: RegisterNewUser([java.lang.String arg0, java.lang.String arg1, java.lang.String arg2, java.lang.String arg3, java.lang.String arg4, java.lang.String arg5, java.lang.String arg6, java.lang.String arg7, java.lang.String arg8, java.lang.String arg9])
Arguments: [(java.lang.String) Sai,(java.lang.String) Mallavarapu,(java.lang.String) Kandukur Street,(java.lang.String) Kandukur,(java.lang.String) AP,(java.lang.String) 523105,(java.lang.String) 9876543210,(java.lang.String) 123456789,(java.lang.String) saiuser12,(java.lang.String) sai@123,(java.lang.String) sai@123]">
      <![CDATA[org.testng.internal.reflect.MethodMatcherException: 
[public void Selenium.ParaBankTesting.RegisterNewUser(java.lang.String,java.lang.String,java.lang.String,java.lang.String,java.lang.String,java.lang.String,java.lang.String,java.lang.String,java.lang.String,java.lang.String)] has no parameters defined but was found to be using a data provider (either explicitly specified or inherited from class level annotation).
Data provider mismatch
Method: RegisterNewUser([java.lang.String arg0, java.lang.String arg1, java.lang.String arg2, java.lang.String arg3, java.lang.String arg4, java.lang.String arg5, java.lang.String arg6, java.lang.String arg7, java.lang.String arg8, java.lang.String arg9])
Arguments: [(java.lang.String) Sai,(java.lang.String) Mallavarapu,(java.lang.String) Kandukur Street,(java.lang.String) Kandukur,(java.lang.String) AP,(java.lang.String) 523105,(java.lang.String) 9876543210,(java.lang.String) 123456789,(java.lang.String) saiuser12,(java.lang.String) sai@123,(java.lang.String) sai@123]
at org.testng.internal.reflect.DataProviderMethodMatcher.getConformingArguments(DataProviderMethodMatcher.java:46)
at org.testng.internal.Parameters.injectParameters(Parameters.java:915)
at org.testng.internal.invokers.MethodRunner.runInSequence(MethodRunner.java:50)
at org.testng.internal.invokers.TestInvoker$MethodInvocationAgent.invoke(TestInvoker.java:995)
at org.testng.internal.invokers.TestInvoker.invokeTestMethods(TestInvoker.java:203)
at org.testng.internal.invokers.TestMethodWorker.invokeTestMethods(TestMethodWorker.java:154)
at org.testng.internal.invokers.TestMethodWorker.run(TestMethodWorker.java:134)
at java.base/java.util.ArrayList.forEach(ArrayList.java:1511)
at org.testng.TestRunner.privateRun(TestRunner.java:741)
at org.testng.TestRunner.run(TestRunner.java:616)
at org.testng.SuiteRunner.runTest(SuiteRunner.java:421)
at org.testng.SuiteRunner.runSequentially(SuiteRunner.java:413)
at org.testng.SuiteRunner.privateRun(SuiteRunner.java:373)
at org.testng.SuiteRunner.run(SuiteRunner.java:312)
at org.testng.SuiteRunnerWorker.runSuite(SuiteRunnerWorker.java:52)
at org.testng.SuiteRunnerWorker.run(SuiteRunnerWorker.java:95)
at org.testng.TestNG.runSuitesSequentially(TestNG.java:1274)
at org.testng.TestNG.runSuitesLocally(TestNG.java:1208)
at org.testng.TestNG.runSuites(TestNG.java:1112)
at org.testng.TestNG.run(TestNG.java:1079)
at org.testng.remote.AbstractRemoteTestNG.run(AbstractRemoteTestNG.java:115)
at org.testng.remote.RemoteTestNG.initAndRun(RemoteTestNG.java:293)
at org.testng.remote.RemoteTestNG.main(RemoteTestNG.java:91)
]]>
    </failure>
  </testcase> <!-- RegisterNewUser -->
  <testcase classname="Selenium.ParaBankTesting" name="Login" time="0.001">
    <skipped/>
  </testcase> <!-- Login -->
  <testcase classname="Selenium.ParaBankTesting" name="Login" time="0.0">
    <skipped/>
  </testcase> <!-- Login -->
  <testcase classname="Selenium.ParaBankTesting" name="CustomerCare" time="0.0">
    <ignored/>
  </testcase> <!-- CustomerCare -->
</testsuite> <!-- Default test -->
