<?xml version="1.0" encoding="UTF-8"?>
<testng-results ignored="1" total="3" passed="2" failed="0" skipped="0">
  <reporter-output>
  </reporter-output>
  <suite started-at="2025-08-14T16:52:04 IST" name="Suite" finished-at="2025-08-14T16:52:28 IST" duration-ms="24363">
    <groups>
      <group name="smoke">
        <method signature="ParaBankTesting.RegisterNewUser()[pri:1, instance:Selenium.ParaBankTesting@2cb4893b]" name="RegisterNewUser" class="Selenium.ParaBankTesting"/>
        <method signature="ParaBankTesting.Login()[pri:2, instance:Selenium.ParaBankTesting@2cb4893b]" name="Login" class="Selenium.ParaBankTesting"/>
      </group> <!-- smoke -->
    </groups>
    <test started-at="2025-08-14T16:52:04 IST" name="Smoke Tests" finished-at="2025-08-14T16:52:28 IST" duration-ms="24363">
      <class name="Selenium.ParaBankTesting">
        <test-method is-config="true" signature="LaunchBrowser(java.lang.String,java.lang.String)[pri:0, instance:Selenium.ParaBankTesting@2cb4893b]" started-at="2025-08-14T16:52:04 IST" name="LaunchBrowser" finished-at="2025-08-14T16:52:10 IST" duration-ms="6401" status="PASS">
          <params>
            <param index="0">
              <value>
                <![CDATA[Chrome]]>
              </value>
            </param>
            <param index="1">
              <value>
                <![CDATA[https://parabank.parasoft.com/]]>
              </value>
            </param>
          </params>
          <reporter-output>
          </reporter-output>
        </test-method> <!-- LaunchBrowser -->
        <test-method signature="RegisterNewUser()[pri:1, instance:Selenium.ParaBankTesting@2cb4893b]" started-at="2025-08-14T16:52:10 IST" name="RegisterNewUser" finished-at="2025-08-14T16:52:16 IST" duration-ms="5825" status="PASS">
          <reporter-output>
          </reporter-output>
        </test-method> <!-- RegisterNewUser -->
        <test-method signature="Login()[pri:2, instance:Selenium.ParaBankTesting@2cb4893b]" started-at="2025-08-14T16:52:16 IST" name="Login" finished-at="2025-08-14T16:52:18 IST" duration-ms="1685" status="PASS">
          <reporter-output>
          </reporter-output>
        </test-method> <!-- Login -->
        <test-method is-config="true" signature="afterClass()[pri:0, instance:Selenium.ParaBankTesting@2cb4893b]" started-at="2025-08-14T16:52:18 IST" name="afterClass" finished-at="2025-08-14T16:52:28 IST" duration-ms="10267" status="PASS">
          <reporter-output>
          </reporter-output>
        </test-method> <!-- afterClass -->
      </class> <!-- Selenium.ParaBankTesting -->
    </test> <!-- Smoke Tests -->
  </suite> <!-- Suite -->
</testng-results>
